ERROR - 2022-03-04 06:23:20 --> Cannot add or update a child row: a foreign key constraint fails (`sysfornecedores`.`bank_accounts_suppliers`, CONSTRAINT `bank_accounts_suppliers_ibfk_2` FOREIGN KEY (`bank_id`) REFERENCES `banks` (`id`))
ERROR - 2022-03-04 06:23:23 --> Cannot add or update a child row: a foreign key constraint fails (`sysfornecedores`.`bank_accounts_suppliers`, CONSTRAINT `bank_accounts_suppliers_ibfk_2` FOREIGN KEY (`bank_id`) REFERENCES `banks` (`id`))
ERROR - 2022-03-04 14:08:29 --> Not unique table/alias: 'bank_accounts'
CRITICAL - 2022-03-04 14:08:29 --> Call to a member function getResult() on bool
#0 /var/www/html/app/Libraries/GroceryCrud.php(1383): App\Models\GroceryCrudModel->get_list()
#1 /var/www/html/app/Libraries/GroceryCrud.php(1503): App\Libraries\grocery_CRUD_Model_Driver->get_list()
#2 /var/www/html/app/Libraries/GroceryCrud.php(4496): App\Libraries\grocery_CRUD_Layout->showList(false, Object(stdClass))
#3 /var/www/html/app/Controllers/Supplier.php(13): App\Libraries\GroceryCrud->render()
#4 /var/www/html/vendor/codeigniter4/framework/system/CodeIgniter.php(832): App\Controllers\Supplier->index()
#5 /var/www/html/vendor/codeigniter4/framework/system/CodeIgniter.php(419): CodeIgniter\CodeIgniter->runController(Object(App\Controllers\Supplier))
#6 /var/www/html/vendor/codeigniter4/framework/system/CodeIgniter.php(326): CodeIgniter\CodeIgniter->handleRequest(NULL, Object(Config\Cache), false)
#7 /var/www/html/public/index.php(37): CodeIgniter\CodeIgniter->run()
#8 {main}
CRITICAL - 2022-03-04 14:08:37 --> Invalid file: blank.php
#0 /var/www/html/vendor/codeigniter4/framework/system/View/View.php(198): CodeIgniter\Exceptions\FrameworkException::forInvalidFile('blank.php')
#1 /var/www/html/vendor/codeigniter4/framework/system/Common.php(1089): CodeIgniter\View\View->render('blank', Array, true)
#2 /var/www/html/app/Controllers/Supplier.php(21): view('blank', Array)
#3 /var/www/html/app/Controllers/Supplier.php(15): App\Controllers\Supplier->_output(Object(stdClass))
#4 /var/www/html/vendor/codeigniter4/framework/system/CodeIgniter.php(832): App\Controllers\Supplier->index()
#5 /var/www/html/vendor/codeigniter4/framework/system/CodeIgniter.php(419): CodeIgniter\CodeIgniter->runController(Object(App\Controllers\Supplier))
#6 /var/www/html/vendor/codeigniter4/framework/system/CodeIgniter.php(326): CodeIgniter\CodeIgniter->handleRequest(NULL, Object(Config\Cache), false)
#7 /var/www/html/public/index.php(37): CodeIgniter\CodeIgniter->run()
#8 {main}
CRITICAL - 2022-03-04 14:36:22 --> Invalid file: list_supplier.php
#0 /var/www/html/vendor/codeigniter4/framework/system/View/View.php(198): CodeIgniter\Exceptions\FrameworkException::forInvalidFile('list_supplier.p...')
#1 /var/www/html/vendor/codeigniter4/framework/system/Common.php(1089): CodeIgniter\View\View->render('list_supplier', Array, true)
#2 /var/www/html/app/Controllers/Supplier.php(15): view('list_supplier', Array)
#3 /var/www/html/vendor/codeigniter4/framework/system/CodeIgniter.php(832): App\Controllers\Supplier->index()
#4 /var/www/html/vendor/codeigniter4/framework/system/CodeIgniter.php(419): CodeIgniter\CodeIgniter->runController(Object(App\Controllers\Supplier))
#5 /var/www/html/vendor/codeigniter4/framework/system/CodeIgniter.php(326): CodeIgniter\CodeIgniter->handleRequest(NULL, Object(Config\Cache), false)
#6 /var/www/html/public/index.php(37): CodeIgniter\CodeIgniter->run()
#7 {main}
