ERROR - 2022-03-03 09:06:41 --> Table 'sysfornecedores.users' doesn't exist
CRITICAL - 2022-03-03 09:06:41 --> Call to a member function getRow() on bool
#0 /var/www/html/vendor/codeigniter4/framework/system/Validation/Validation.php(292): CodeIgniter\Validation\Rules->is_unique('rafaelluciopadr...', 'email', Array, NULL)
#1 /var/www/html/vendor/codeigniter4/framework/system/Validation/Validation.php(157): CodeIgniter\Validation\Validation->processRules('email', 'email', 'rafaelluciopadr...', Array, Array)
#2 /var/www/html/vendor/codeigniter4/framework/system/Controller.php(160): CodeIgniter\Validation\Validation->run()
#3 /var/www/html/app/Controllers/SignupController.php(25): CodeIgniter\Controller->validate(Array)
#4 /var/www/html/vendor/codeigniter4/framework/system/CodeIgniter.php(832): App\Controllers\SignupController->store()
#5 /var/www/html/vendor/codeigniter4/framework/system/CodeIgniter.php(419): CodeIgniter\CodeIgniter->runController(Object(App\Controllers\SignupController))
#6 /var/www/html/vendor/codeigniter4/framework/system/CodeIgniter.php(326): CodeIgniter\CodeIgniter->handleRequest(NULL, Object(Config\Cache), false)
#7 /var/www/html/public/index.php(37): CodeIgniter\CodeIgniter->run()
#8 {main}
ERROR - 2022-03-03 09:08:40 --> Table 'sysfornecedores.users' doesn't exist
CRITICAL - 2022-03-03 09:08:40 --> Call to a member function getRow() on bool
#0 /var/www/html/vendor/codeigniter4/framework/system/Validation/Validation.php(292): CodeIgniter\Validation\Rules->is_unique('rafaelluciopadr...', 'email', Array, NULL)
#1 /var/www/html/vendor/codeigniter4/framework/system/Validation/Validation.php(157): CodeIgniter\Validation\Validation->processRules('email', 'email', 'rafaelluciopadr...', Array, Array)
#2 /var/www/html/vendor/codeigniter4/framework/system/Controller.php(160): CodeIgniter\Validation\Validation->run()
#3 /var/www/html/app/Controllers/SignupController.php(25): CodeIgniter\Controller->validate(Array)
#4 /var/www/html/vendor/codeigniter4/framework/system/CodeIgniter.php(832): App\Controllers\SignupController->store()
#5 /var/www/html/vendor/codeigniter4/framework/system/CodeIgniter.php(419): CodeIgniter\CodeIgniter->runController(Object(App\Controllers\SignupController))
#6 /var/www/html/vendor/codeigniter4/framework/system/CodeIgniter.php(326): CodeIgniter\CodeIgniter->handleRequest(NULL, Object(Config\Cache), false)
#7 /var/www/html/public/index.php(37): CodeIgniter\CodeIgniter->run()
#8 {main}
CRITICAL - 2022-03-03 09:10:45 --> Class 'App\Controllers\UserModel' not found
#0 /var/www/html/vendor/codeigniter4/framework/system/CodeIgniter.php(832): App\Controllers\SignupController->store()
#1 /var/www/html/vendor/codeigniter4/framework/system/CodeIgniter.php(419): CodeIgniter\CodeIgniter->runController(Object(App\Controllers\SignupController))
#2 /var/www/html/vendor/codeigniter4/framework/system/CodeIgniter.php(326): CodeIgniter\CodeIgniter->handleRequest(NULL, Object(Config\Cache), false)
#3 /var/www/html/public/index.php(37): CodeIgniter\CodeIgniter->run()
#4 {main}
CRITICAL - 2022-03-03 09:13:24 --> Class 'App\Models\UserModel' not found
#0 /var/www/html/vendor/codeigniter4/framework/system/CodeIgniter.php(832): App\Controllers\SigninController->loginAuth()
#1 /var/www/html/vendor/codeigniter4/framework/system/CodeIgniter.php(419): CodeIgniter\CodeIgniter->runController(Object(App\Controllers\SigninController))
#2 /var/www/html/vendor/codeigniter4/framework/system/CodeIgniter.php(326): CodeIgniter\CodeIgniter->handleRequest(NULL, Object(Config\Cache), false)
#3 /var/www/html/public/index.php(37): CodeIgniter\CodeIgniter->run()
#4 {main}
CRITICAL - 2022-03-03 09:50:38 --> Function name must be a string
#0 /var/www/html/vendor/codeigniter4/framework/system/View/View.php(210): include()
#1 /var/www/html/vendor/codeigniter4/framework/system/View/View.php(213): CodeIgniter\View\View->CodeIgniter\View\{closure}()
#2 /var/www/html/vendor/codeigniter4/framework/system/Common.php(1089): CodeIgniter\View\View->render('layout/header', Array, true)
#3 /var/www/html/app/Controllers/Home.php(9): view('layout/header')
#4 /var/www/html/vendor/codeigniter4/framework/system/CodeIgniter.php(832): App\Controllers\Home->index()
#5 /var/www/html/vendor/codeigniter4/framework/system/CodeIgniter.php(419): CodeIgniter\CodeIgniter->runController(Object(App\Controllers\Home))
#6 /var/www/html/vendor/codeigniter4/framework/system/CodeIgniter.php(326): CodeIgniter\CodeIgniter->handleRequest(NULL, Object(Config\Cache), false)
#7 /var/www/html/public/index.php(37): CodeIgniter\CodeIgniter->run()
#8 {main}
CRITICAL - 2022-03-03 09:53:23 --> Function name must be a string
#0 /var/www/html/vendor/codeigniter4/framework/system/View/View.php(210): include()
#1 /var/www/html/vendor/codeigniter4/framework/system/View/View.php(213): CodeIgniter\View\View->CodeIgniter\View\{closure}()
#2 /var/www/html/vendor/codeigniter4/framework/system/Common.php(1089): CodeIgniter\View\View->render('layout/header', Array, true)
#3 /var/www/html/app/Controllers/Home.php(9): view('layout/header')
#4 /var/www/html/vendor/codeigniter4/framework/system/CodeIgniter.php(832): App\Controllers\Home->index()
#5 /var/www/html/vendor/codeigniter4/framework/system/CodeIgniter.php(419): CodeIgniter\CodeIgniter->runController(Object(App\Controllers\Home))
#6 /var/www/html/vendor/codeigniter4/framework/system/CodeIgniter.php(326): CodeIgniter\CodeIgniter->handleRequest(NULL, Object(Config\Cache), false)
#7 /var/www/html/public/index.php(37): CodeIgniter\CodeIgniter->run()
#8 {main}
CRITICAL - 2022-03-03 09:55:20 --> Call to undefined method CodeIgniter\View\View::session()
#0 /var/www/html/vendor/codeigniter4/framework/system/View/View.php(210): include()
#1 /var/www/html/vendor/codeigniter4/framework/system/View/View.php(213): CodeIgniter\View\View->CodeIgniter\View\{closure}()
#2 /var/www/html/vendor/codeigniter4/framework/system/Common.php(1089): CodeIgniter\View\View->render('layout/header', Array, true)
#3 /var/www/html/app/Controllers/Home.php(9): view('layout/header')
#4 /var/www/html/vendor/codeigniter4/framework/system/CodeIgniter.php(832): App\Controllers\Home->index()
#5 /var/www/html/vendor/codeigniter4/framework/system/CodeIgniter.php(419): CodeIgniter\CodeIgniter->runController(Object(App\Controllers\Home))
#6 /var/www/html/vendor/codeigniter4/framework/system/CodeIgniter.php(326): CodeIgniter\CodeIgniter->handleRequest(NULL, Object(Config\Cache), false)
#7 /var/www/html/public/index.php(37): CodeIgniter\CodeIgniter->run()
#8 {main}
CRITICAL - 2022-03-03 09:55:36 --> Call to a member function user_data() on null
#0 /var/www/html/vendor/codeigniter4/framework/system/View/View.php(210): include()
#1 /var/www/html/vendor/codeigniter4/framework/system/View/View.php(213): CodeIgniter\View\View->CodeIgniter\View\{closure}()
#2 /var/www/html/vendor/codeigniter4/framework/system/Common.php(1089): CodeIgniter\View\View->render('layout/header', Array, true)
#3 /var/www/html/app/Controllers/Home.php(9): view('layout/header')
#4 /var/www/html/vendor/codeigniter4/framework/system/CodeIgniter.php(832): App\Controllers\Home->index()
#5 /var/www/html/vendor/codeigniter4/framework/system/CodeIgniter.php(419): CodeIgniter\CodeIgniter->runController(Object(App\Controllers\Home))
#6 /var/www/html/vendor/codeigniter4/framework/system/CodeIgniter.php(326): CodeIgniter\CodeIgniter->handleRequest(NULL, Object(Config\Cache), false)
#7 /var/www/html/public/index.php(37): CodeIgniter\CodeIgniter->run()
#8 {main}
CRITICAL - 2022-03-03 09:55:49 --> Call to undefined method CodeIgniter\View\View::session()
#0 /var/www/html/vendor/codeigniter4/framework/system/View/View.php(210): include()
#1 /var/www/html/vendor/codeigniter4/framework/system/View/View.php(213): CodeIgniter\View\View->CodeIgniter\View\{closure}()
#2 /var/www/html/vendor/codeigniter4/framework/system/Common.php(1089): CodeIgniter\View\View->render('layout/header', Array, true)
#3 /var/www/html/app/Controllers/Home.php(9): view('layout/header')
#4 /var/www/html/vendor/codeigniter4/framework/system/CodeIgniter.php(832): App\Controllers\Home->index()
#5 /var/www/html/vendor/codeigniter4/framework/system/CodeIgniter.php(419): CodeIgniter\CodeIgniter->runController(Object(App\Controllers\Home))
#6 /var/www/html/vendor/codeigniter4/framework/system/CodeIgniter.php(326): CodeIgniter\CodeIgniter->handleRequest(NULL, Object(Config\Cache), false)
#7 /var/www/html/public/index.php(37): CodeIgniter\CodeIgniter->run()
#8 {main}
CRITICAL - 2022-03-03 09:57:32 --> Call to undefined method CodeIgniter\View\View::session()
#0 /var/www/html/vendor/codeigniter4/framework/system/View/View.php(210): include()
#1 /var/www/html/vendor/codeigniter4/framework/system/View/View.php(213): CodeIgniter\View\View->CodeIgniter\View\{closure}()
#2 /var/www/html/vendor/codeigniter4/framework/system/Common.php(1089): CodeIgniter\View\View->render('layout/header', Array, true)
#3 /var/www/html/app/Controllers/Home.php(9): view('layout/header')
#4 /var/www/html/vendor/codeigniter4/framework/system/CodeIgniter.php(832): App\Controllers\Home->index()
#5 /var/www/html/vendor/codeigniter4/framework/system/CodeIgniter.php(419): CodeIgniter\CodeIgniter->runController(Object(App\Controllers\Home))
#6 /var/www/html/vendor/codeigniter4/framework/system/CodeIgniter.php(326): CodeIgniter\CodeIgniter->handleRequest(NULL, Object(Config\Cache), false)
#7 /var/www/html/public/index.php(37): CodeIgniter\CodeIgniter->run()
#8 {main}
CRITICAL - 2022-03-03 09:58:32 --> Call to a member function all_userdata() on null
#0 /var/www/html/vendor/codeigniter4/framework/system/View/View.php(210): include()
#1 /var/www/html/vendor/codeigniter4/framework/system/View/View.php(213): CodeIgniter\View\View->CodeIgniter\View\{closure}()
#2 /var/www/html/vendor/codeigniter4/framework/system/Common.php(1089): CodeIgniter\View\View->render('layout/header', Array, true)
#3 /var/www/html/app/Controllers/Home.php(9): view('layout/header')
#4 /var/www/html/vendor/codeigniter4/framework/system/CodeIgniter.php(832): App\Controllers\Home->index()
#5 /var/www/html/vendor/codeigniter4/framework/system/CodeIgniter.php(419): CodeIgniter\CodeIgniter->runController(Object(App\Controllers\Home))
#6 /var/www/html/vendor/codeigniter4/framework/system/CodeIgniter.php(326): CodeIgniter\CodeIgniter->handleRequest(NULL, Object(Config\Cache), false)
#7 /var/www/html/public/index.php(37): CodeIgniter\CodeIgniter->run()
#8 {main}
CRITICAL - 2022-03-03 09:59:13 --> Call to undefined method CodeIgniter\View\View::session()
#0 /var/www/html/vendor/codeigniter4/framework/system/View/View.php(210): include()
#1 /var/www/html/vendor/codeigniter4/framework/system/View/View.php(213): CodeIgniter\View\View->CodeIgniter\View\{closure}()
#2 /var/www/html/vendor/codeigniter4/framework/system/Common.php(1089): CodeIgniter\View\View->render('layout/header', Array, true)
#3 /var/www/html/app/Controllers/Home.php(9): view('layout/header')
#4 /var/www/html/vendor/codeigniter4/framework/system/CodeIgniter.php(832): App\Controllers\Home->index()
#5 /var/www/html/vendor/codeigniter4/framework/system/CodeIgniter.php(419): CodeIgniter\CodeIgniter->runController(Object(App\Controllers\Home))
#6 /var/www/html/vendor/codeigniter4/framework/system/CodeIgniter.php(326): CodeIgniter\CodeIgniter->handleRequest(NULL, Object(Config\Cache), false)
#7 /var/www/html/public/index.php(37): CodeIgniter\CodeIgniter->run()
#8 {main}
CRITICAL - 2022-03-03 10:00:39 --> Call to a member function get() on null
#0 /var/www/html/vendor/codeigniter4/framework/system/View/View.php(210): include()
#1 /var/www/html/vendor/codeigniter4/framework/system/View/View.php(213): CodeIgniter\View\View->CodeIgniter\View\{closure}()
#2 /var/www/html/vendor/codeigniter4/framework/system/Common.php(1089): CodeIgniter\View\View->render('layout/header', Array, true)
#3 /var/www/html/app/Controllers/Home.php(9): view('layout/header')
#4 /var/www/html/vendor/codeigniter4/framework/system/CodeIgniter.php(832): App\Controllers\Home->index()
#5 /var/www/html/vendor/codeigniter4/framework/system/CodeIgniter.php(419): CodeIgniter\CodeIgniter->runController(Object(App\Controllers\Home))
#6 /var/www/html/vendor/codeigniter4/framework/system/CodeIgniter.php(326): CodeIgniter\CodeIgniter->handleRequest(NULL, Object(Config\Cache), false)
#7 /var/www/html/public/index.php(37): CodeIgniter\CodeIgniter->run()
#8 {main}
CRITICAL - 2022-03-03 10:09:49 --> Call to a member function get() on null
#0 /var/www/html/vendor/codeigniter4/framework/system/View/View.php(210): include()
#1 /var/www/html/vendor/codeigniter4/framework/system/View/View.php(213): CodeIgniter\View\View->CodeIgniter\View\{closure}()
#2 /var/www/html/vendor/codeigniter4/framework/system/Common.php(1089): CodeIgniter\View\View->render('layout/header', Array, true)
#3 /var/www/html/app/Controllers/Home.php(10): view('layout/header', Array)
#4 /var/www/html/vendor/codeigniter4/framework/system/CodeIgniter.php(832): App\Controllers\Home->index()
#5 /var/www/html/vendor/codeigniter4/framework/system/CodeIgniter.php(419): CodeIgniter\CodeIgniter->runController(Object(App\Controllers\Home))
#6 /var/www/html/vendor/codeigniter4/framework/system/CodeIgniter.php(326): CodeIgniter\CodeIgniter->handleRequest(NULL, Object(Config\Cache), false)
#7 /var/www/html/public/index.php(37): CodeIgniter\CodeIgniter->run()
#8 {main}
CRITICAL - 2022-03-03 10:12:05 --> Call to a member function get() on null
#0 /var/www/html/vendor/codeigniter4/framework/system/View/View.php(210): include()
#1 /var/www/html/vendor/codeigniter4/framework/system/View/View.php(213): CodeIgniter\View\View->CodeIgniter\View\{closure}()
#2 /var/www/html/vendor/codeigniter4/framework/system/Common.php(1089): CodeIgniter\View\View->render('layout/header', Array, true)
#3 /var/www/html/app/Controllers/Home.php(10): view('layout/header', Array)
#4 /var/www/html/vendor/codeigniter4/framework/system/CodeIgniter.php(832): App\Controllers\Home->index()
#5 /var/www/html/vendor/codeigniter4/framework/system/CodeIgniter.php(419): CodeIgniter\CodeIgniter->runController(Object(App\Controllers\Home))
#6 /var/www/html/vendor/codeigniter4/framework/system/CodeIgniter.php(326): CodeIgniter\CodeIgniter->handleRequest(NULL, Object(Config\Cache), false)
#7 /var/www/html/public/index.php(37): CodeIgniter\CodeIgniter->run()
#8 {main}
CRITICAL - 2022-03-03 10:12:26 --> Argument 2 passed to view() must be of the type array, object given, called in /var/www/html/app/Controllers/Home.php on line 10
#0 /var/www/html/app/Controllers/Home.php(10): view('layout/header', Object(CodeIgniter\Session\Session))
#1 /var/www/html/vendor/codeigniter4/framework/system/CodeIgniter.php(832): App\Controllers\Home->index()
#2 /var/www/html/vendor/codeigniter4/framework/system/CodeIgniter.php(419): CodeIgniter\CodeIgniter->runController(Object(App\Controllers\Home))
#3 /var/www/html/vendor/codeigniter4/framework/system/CodeIgniter.php(326): CodeIgniter\CodeIgniter->handleRequest(NULL, Object(Config\Cache), false)
#4 /var/www/html/public/index.php(37): CodeIgniter\CodeIgniter->run()
#5 {main}
CRITICAL - 2022-03-03 10:16:45 --> Use of undefined constant data - assumed 'data' (this will throw an Error in a future version of PHP)
#0 /var/www/html/app/Controllers/SigninController.php(23): CodeIgniter\Debug\Exceptions->errorHandler(2, 'Use of undefine...', '/var/www/html/a...', 23, Array)
#1 /var/www/html/vendor/codeigniter4/framework/system/CodeIgniter.php(832): App\Controllers\SigninController->loginAuth()
#2 /var/www/html/vendor/codeigniter4/framework/system/CodeIgniter.php(419): CodeIgniter\CodeIgniter->runController(Object(App\Controllers\SigninController))
#3 /var/www/html/vendor/codeigniter4/framework/system/CodeIgniter.php(326): CodeIgniter\CodeIgniter->handleRequest(NULL, Object(Config\Cache), false)
#4 /var/www/html/public/index.php(37): CodeIgniter\CodeIgniter->run()
#5 {main}
CRITICAL - 2022-03-03 10:19:58 --> Call to undefined method CodeIgniter\Session\Session::set_userdata()
#0 /var/www/html/vendor/codeigniter4/framework/system/CodeIgniter.php(832): App\Controllers\SigninController->loginAuth()
#1 /var/www/html/vendor/codeigniter4/framework/system/CodeIgniter.php(419): CodeIgniter\CodeIgniter->runController(Object(App\Controllers\SigninController))
#2 /var/www/html/vendor/codeigniter4/framework/system/CodeIgniter.php(326): CodeIgniter\CodeIgniter->handleRequest(NULL, Object(Config\Cache), false)
#3 /var/www/html/public/index.php(37): CodeIgniter\CodeIgniter->run()
#4 {main}
CRITICAL - 2022-03-03 10:24:07 --> syntax error, unexpected 'return' (T_RETURN)
#0 /var/www/html/vendor/codeigniter4/framework/system/Autoloader/Autoloader.php(241): CodeIgniter\Autoloader\Autoloader->includeFile('/var/www/html/v...')
#1 /var/www/html/vendor/codeigniter4/framework/system/Autoloader/Autoloader.php(219): CodeIgniter\Autoloader\Autoloader->loadInNamespace('App\\Controllers...')
#2 [internal function]: CodeIgniter\Autoloader\Autoloader->loadClass('App\\Controllers...')
#3 [internal function]: spl_autoload_call('App\\Controllers...')
#4 /var/www/html/vendor/codeigniter4/framework/system/CodeIgniter.php(797): class_exists('\\App\\Controller...', true)
#5 /var/www/html/vendor/codeigniter4/framework/system/CodeIgniter.php(406): CodeIgniter\CodeIgniter->startController()
#6 /var/www/html/vendor/codeigniter4/framework/system/CodeIgniter.php(326): CodeIgniter\CodeIgniter->handleRequest(NULL, Object(Config\Cache), false)
#7 /var/www/html/public/index.php(37): CodeIgniter\CodeIgniter->run()
#8 {main}
CRITICAL - 2022-03-03 10:24:31 --> syntax error, unexpected '}'
#0 /var/www/html/vendor/codeigniter4/framework/system/Autoloader/Autoloader.php(241): CodeIgniter\Autoloader\Autoloader->includeFile('/var/www/html/v...')
#1 /var/www/html/vendor/codeigniter4/framework/system/Autoloader/Autoloader.php(219): CodeIgniter\Autoloader\Autoloader->loadInNamespace('App\\Controllers...')
#2 [internal function]: CodeIgniter\Autoloader\Autoloader->loadClass('App\\Controllers...')
#3 [internal function]: spl_autoload_call('App\\Controllers...')
#4 /var/www/html/vendor/codeigniter4/framework/system/CodeIgniter.php(797): class_exists('\\App\\Controller...', true)
#5 /var/www/html/vendor/codeigniter4/framework/system/CodeIgniter.php(406): CodeIgniter\CodeIgniter->startController()
#6 /var/www/html/vendor/codeigniter4/framework/system/CodeIgniter.php(326): CodeIgniter\CodeIgniter->handleRequest(NULL, Object(Config\Cache), false)
#7 /var/www/html/public/index.php(37): CodeIgniter\CodeIgniter->run()
#8 {main}
CRITICAL - 2022-03-03 10:24:49 --> syntax error, unexpected 'return' (T_RETURN)
#0 /var/www/html/vendor/codeigniter4/framework/system/Autoloader/Autoloader.php(241): CodeIgniter\Autoloader\Autoloader->includeFile('/var/www/html/v...')
#1 /var/www/html/vendor/codeigniter4/framework/system/Autoloader/Autoloader.php(219): CodeIgniter\Autoloader\Autoloader->loadInNamespace('App\\Controllers...')
#2 [internal function]: CodeIgniter\Autoloader\Autoloader->loadClass('App\\Controllers...')
#3 [internal function]: spl_autoload_call('App\\Controllers...')
#4 /var/www/html/vendor/codeigniter4/framework/system/CodeIgniter.php(797): class_exists('\\App\\Controller...', true)
#5 /var/www/html/vendor/codeigniter4/framework/system/CodeIgniter.php(406): CodeIgniter\CodeIgniter->startController()
#6 /var/www/html/vendor/codeigniter4/framework/system/CodeIgniter.php(326): CodeIgniter\CodeIgniter->handleRequest(NULL, Object(Config\Cache), false)
#7 /var/www/html/public/index.php(37): CodeIgniter\CodeIgniter->run()
#8 {main}
CRITICAL - 2022-03-03 10:24:59 --> syntax error, unexpected 'return' (T_RETURN)
#0 /var/www/html/vendor/codeigniter4/framework/system/Autoloader/Autoloader.php(241): CodeIgniter\Autoloader\Autoloader->includeFile('/var/www/html/v...')
#1 /var/www/html/vendor/codeigniter4/framework/system/Autoloader/Autoloader.php(219): CodeIgniter\Autoloader\Autoloader->loadInNamespace('App\\Controllers...')
#2 [internal function]: CodeIgniter\Autoloader\Autoloader->loadClass('App\\Controllers...')
#3 [internal function]: spl_autoload_call('App\\Controllers...')
#4 /var/www/html/vendor/codeigniter4/framework/system/CodeIgniter.php(797): class_exists('\\App\\Controller...', true)
#5 /var/www/html/vendor/codeigniter4/framework/system/CodeIgniter.php(406): CodeIgniter\CodeIgniter->startController()
#6 /var/www/html/vendor/codeigniter4/framework/system/CodeIgniter.php(326): CodeIgniter\CodeIgniter->handleRequest(NULL, Object(Config\Cache), false)
#7 /var/www/html/public/index.php(37): CodeIgniter\CodeIgniter->run()
#8 {main}
CRITICAL - 2022-03-03 10:25:12 --> Call to a member function sess_destroy() on null
#0 /var/www/html/vendor/codeigniter4/framework/system/CodeIgniter.php(832): App\Controllers\SigninController->logout()
#1 /var/www/html/vendor/codeigniter4/framework/system/CodeIgniter.php(419): CodeIgniter\CodeIgniter->runController(Object(App\Controllers\SigninController))
#2 /var/www/html/vendor/codeigniter4/framework/system/CodeIgniter.php(326): CodeIgniter\CodeIgniter->handleRequest(NULL, Object(Config\Cache), false)
#3 /var/www/html/public/index.php(37): CodeIgniter\CodeIgniter->run()
#4 {main}
CRITICAL - 2022-03-03 10:41:00 --> Use of undefined constant teste - assumed 'teste' (this will throw an Error in a future version of PHP)
#0 /var/www/html/app/Controllers/SigninController.php(35): CodeIgniter\Debug\Exceptions->errorHandler(2, 'Use of undefine...', '/var/www/html/a...', 35, Array)
#1 /var/www/html/vendor/codeigniter4/framework/system/CodeIgniter.php(832): App\Controllers\SigninController->loginAuth()
#2 /var/www/html/vendor/codeigniter4/framework/system/CodeIgniter.php(419): CodeIgniter\CodeIgniter->runController(Object(App\Controllers\SigninController))
#3 /var/www/html/vendor/codeigniter4/framework/system/CodeIgniter.php(326): CodeIgniter\CodeIgniter->handleRequest(NULL, Object(Config\Cache), false)
#4 /var/www/html/public/index.php(37): CodeIgniter\CodeIgniter->run()
#5 {main}
CRITICAL - 2022-03-03 13:34:02 --> The table name does not exist. Please check you database and try again.
#0 /var/www/html/app/Libraries/GroceryCrud.php(4450): App\Libraries\GroceryCrud->get_table()
#1 /var/www/html/app/Libraries/GroceryCrud.php(4467): App\Libraries\GroceryCrud->pre_render()
#2 /var/www/html/app/Controllers/Examples.php(13): App\Libraries\GroceryCrud->render()
#3 /var/www/html/vendor/codeigniter4/framework/system/CodeIgniter.php(832): App\Controllers\Examples->customers_management()
#4 /var/www/html/vendor/codeigniter4/framework/system/CodeIgniter.php(419): CodeIgniter\CodeIgniter->runController(Object(App\Controllers\Examples))
#5 /var/www/html/vendor/codeigniter4/framework/system/CodeIgniter.php(326): CodeIgniter\CodeIgniter->handleRequest(NULL, Object(Config\Cache), false)
#6 /var/www/html/public/index.php(37): CodeIgniter\CodeIgniter->run()
#7 {main}
CRITICAL - 2022-03-03 13:48:34 --> Invalid argument supplied for foreach()
#0 /var/www/html/app/Views/layout/header.php(32): CodeIgniter\Debug\Exceptions->errorHandler(2, 'Invalid argumen...', '/var/www/html/a...', 32, Array)
#1 /var/www/html/vendor/codeigniter4/framework/system/View/View.php(210): include('/var/www/html/a...')
#2 /var/www/html/vendor/codeigniter4/framework/system/View/View.php(213): CodeIgniter\View\View->CodeIgniter\View\{closure}()
#3 /var/www/html/vendor/codeigniter4/framework/system/Common.php(1089): CodeIgniter\View\View->render('layout/header', Array, true)
#4 /var/www/html/app/Controllers/Examples.php(21): view('layout/header')
#5 /var/www/html/app/Controllers/Examples.php(16): App\Controllers\Examples->_exampleOutput(Object(stdClass))
#6 /var/www/html/vendor/codeigniter4/framework/system/CodeIgniter.php(832): App\Controllers\Examples->customers_management()
#7 /var/www/html/vendor/codeigniter4/framework/system/CodeIgniter.php(419): CodeIgniter\CodeIgniter->runController(Object(App\Controllers\Examples))
#8 /var/www/html/vendor/codeigniter4/framework/system/CodeIgniter.php(326): CodeIgniter\CodeIgniter->handleRequest(NULL, Object(Config\Cache), false)
#9 /var/www/html/public/index.php(37): CodeIgniter\CodeIgniter->run()
#10 {main}
ERROR - 2022-03-03 14:08:20 --> Unknown column 'agency' in 'field list'
CRITICAL - 2022-03-03 14:08:20 --> Call to a member function getResult() on bool
#0 /var/www/html/app/Libraries/GroceryCrud.php(1383): App\Models\GroceryCrudModel->get_list()
#1 /var/www/html/app/Libraries/GroceryCrud.php(1503): App\Libraries\grocery_CRUD_Model_Driver->get_list()
#2 /var/www/html/app/Libraries/GroceryCrud.php(4496): App\Libraries\grocery_CRUD_Layout->showList(false, Object(stdClass))
#3 /var/www/html/app/Controllers/Examples.php(15): App\Libraries\GroceryCrud->render()
#4 /var/www/html/vendor/codeigniter4/framework/system/CodeIgniter.php(832): App\Controllers\Examples->customers_management()
#5 /var/www/html/vendor/codeigniter4/framework/system/CodeIgniter.php(419): CodeIgniter\CodeIgniter->runController(Object(App\Controllers\Examples))
#6 /var/www/html/vendor/codeigniter4/framework/system/CodeIgniter.php(326): CodeIgniter\CodeIgniter->handleRequest(NULL, Object(Config\Cache), false)
#7 /var/www/html/public/index.php(37): CodeIgniter\CodeIgniter->run()
#8 {main}
ERROR - 2022-03-03 15:31:11 --> Table 'sysfornecedores.supplier_id' doesn't exist
CRITICAL - 2022-03-03 15:31:11 --> Failed to get field data from database.
#0 /var/www/html/vendor/codeigniter4/framework/system/Database/BaseConnection.php(1436): CodeIgniter\Database\MySQLi\Connection->_fieldData('`supplier_id`')
#1 /var/www/html/app/Models/GroceryCrudModel.php(478): CodeIgniter\Database\BaseConnection->getFieldData('supplier_id')
#2 /var/www/html/app/Models/GroceryCrudModel.php(567): App\Models\GroceryCrudModel->get_field_types('supplier_id')
#3 /var/www/html/app/Models/GroceryCrudModel.php(116): App\Models\GroceryCrudModel->get_primary_key('supplier_id')
#4 /var/www/html/app/Models/GroceryCrudModel.php(84): App\Models\GroceryCrudModel->relationNtoNQueries('`suppliers`.*')
#5 /var/www/html/app/Libraries/GroceryCrud.php(1383): App\Models\GroceryCrudModel->get_list()
#6 /var/www/html/app/Libraries/GroceryCrud.php(1503): App\Libraries\grocery_CRUD_Model_Driver->get_list()
#7 /var/www/html/app/Libraries/GroceryCrud.php(4496): App\Libraries\grocery_CRUD_Layout->showList(false, Object(stdClass))
#8 /var/www/html/app/Controllers/Examples.php(15): App\Libraries\GroceryCrud->render()
#9 /var/www/html/vendor/codeigniter4/framework/system/CodeIgniter.php(832): App\Controllers\Examples->customers_management()
#10 /var/www/html/vendor/codeigniter4/framework/system/CodeIgniter.php(419): CodeIgniter\CodeIgniter->runController(Object(App\Controllers\Examples))
#11 /var/www/html/vendor/codeigniter4/framework/system/CodeIgniter.php(326): CodeIgniter\CodeIgniter->handleRequest(NULL, Object(Config\Cache), false)
#12 /var/www/html/public/index.php(37): CodeIgniter\CodeIgniter->run()
#13 {main}
ERROR - 2022-03-03 15:34:34 --> Unknown column 'agency' in 'field list'
CRITICAL - 2022-03-03 15:34:34 --> Call to a member function getResult() on bool
#0 /var/www/html/app/Libraries/GroceryCrud.php(1383): App\Models\GroceryCrudModel->get_list()
#1 /var/www/html/app/Libraries/GroceryCrud.php(1503): App\Libraries\grocery_CRUD_Model_Driver->get_list()
#2 /var/www/html/app/Libraries/GroceryCrud.php(4496): App\Libraries\grocery_CRUD_Layout->showList(false, Object(stdClass))
#3 /var/www/html/app/Controllers/Examples.php(15): App\Libraries\GroceryCrud->render()
#4 /var/www/html/vendor/codeigniter4/framework/system/CodeIgniter.php(832): App\Controllers\Examples->customers_management()
#5 /var/www/html/vendor/codeigniter4/framework/system/CodeIgniter.php(419): CodeIgniter\CodeIgniter->runController(Object(App\Controllers\Examples))
#6 /var/www/html/vendor/codeigniter4/framework/system/CodeIgniter.php(326): CodeIgniter\CodeIgniter->handleRequest(NULL, Object(Config\Cache), false)
#7 /var/www/html/public/index.php(37): CodeIgniter\CodeIgniter->run()
#8 {main}
CRITICAL - 2022-03-03 16:25:58 --> Call to undefined function request()
#0 /var/www/html/vendor/codeigniter4/framework/system/View/View.php(210): include()
#1 /var/www/html/vendor/codeigniter4/framework/system/View/View.php(213): CodeIgniter\View\View->CodeIgniter\View\{closure}()
#2 /var/www/html/vendor/codeigniter4/framework/system/Common.php(1089): CodeIgniter\View\View->render('layout/header', Array, true)
#3 /var/www/html/app/Controllers/SupplierController.php(22): view('layout/header', Array)
#4 /var/www/html/app/Controllers/SupplierController.php(17): App\Controllers\SupplierController->_output(Object(stdClass))
#5 /var/www/html/vendor/codeigniter4/framework/system/CodeIgniter.php(832): App\Controllers\SupplierController->supplier_management()
#6 /var/www/html/vendor/codeigniter4/framework/system/CodeIgniter.php(419): CodeIgniter\CodeIgniter->runController(Object(App\Controllers\SupplierController))
#7 /var/www/html/vendor/codeigniter4/framework/system/CodeIgniter.php(326): CodeIgniter\CodeIgniter->handleRequest(NULL, Object(Config\Cache), false)
#8 /var/www/html/public/index.php(37): CodeIgniter\CodeIgniter->run()
#9 {main}
CRITICAL - 2022-03-03 16:30:45 --> Using $this when not in object context
#0 /var/www/html/app/Views/layout/header.php(69): CodeIgniter\HTTP\Request::getUri()
#1 /var/www/html/vendor/codeigniter4/framework/system/View/View.php(210): include('/var/www/html/a...')
#2 /var/www/html/vendor/codeigniter4/framework/system/View/View.php(213): CodeIgniter\View\View->CodeIgniter\View\{closure}()
#3 /var/www/html/vendor/codeigniter4/framework/system/Common.php(1089): CodeIgniter\View\View->render('layout/header', Array, true)
#4 /var/www/html/app/Controllers/SupplierController.php(22): view('layout/header', Array)
#5 /var/www/html/app/Controllers/SupplierController.php(17): App\Controllers\SupplierController->_output(Object(stdClass))
#6 /var/www/html/vendor/codeigniter4/framework/system/CodeIgniter.php(832): App\Controllers\SupplierController->supplier_management()
#7 /var/www/html/vendor/codeigniter4/framework/system/CodeIgniter.php(419): CodeIgniter\CodeIgniter->runController(Object(App\Controllers\SupplierController))
#8 /var/www/html/vendor/codeigniter4/framework/system/CodeIgniter.php(326): CodeIgniter\CodeIgniter->handleRequest(NULL, Object(Config\Cache), false)
#9 /var/www/html/public/index.php(37): CodeIgniter\CodeIgniter->run()
#10 {main}
CRITICAL - 2022-03-03 16:31:16 --> Call to undefined function request()
#0 /var/www/html/vendor/codeigniter4/framework/system/View/View.php(210): include()
#1 /var/www/html/vendor/codeigniter4/framework/system/View/View.php(213): CodeIgniter\View\View->CodeIgniter\View\{closure}()
#2 /var/www/html/vendor/codeigniter4/framework/system/Common.php(1089): CodeIgniter\View\View->render('layout/header', Array, true)
#3 /var/www/html/app/Controllers/SupplierController.php(22): view('layout/header', Array)
#4 /var/www/html/app/Controllers/SupplierController.php(17): App\Controllers\SupplierController->_output(Object(stdClass))
#5 /var/www/html/vendor/codeigniter4/framework/system/CodeIgniter.php(832): App\Controllers\SupplierController->supplier_management()
#6 /var/www/html/vendor/codeigniter4/framework/system/CodeIgniter.php(419): CodeIgniter\CodeIgniter->runController(Object(App\Controllers\SupplierController))
#7 /var/www/html/vendor/codeigniter4/framework/system/CodeIgniter.php(326): CodeIgniter\CodeIgniter->handleRequest(NULL, Object(Config\Cache), false)
#8 /var/www/html/public/index.php(37): CodeIgniter\CodeIgniter->run()
#9 {main}
CRITICAL - 2022-03-03 16:35:36 --> Call to undefined function App\Controllers\request()
#0 /var/www/html/vendor/codeigniter4/framework/system/CodeIgniter.php(832): App\Controllers\Home->index()
#1 /var/www/html/vendor/codeigniter4/framework/system/CodeIgniter.php(419): CodeIgniter\CodeIgniter->runController(Object(App\Controllers\Home))
#2 /var/www/html/vendor/codeigniter4/framework/system/CodeIgniter.php(326): CodeIgniter\CodeIgniter->handleRequest(NULL, Object(Config\Cache), false)
#3 /var/www/html/public/index.php(37): CodeIgniter\CodeIgniter->run()
#4 {main}
CRITICAL - 2022-03-03 16:36:54 --> Invalid argument supplied for foreach()
#0 /var/www/html/app/Views/layout/header.php(32): CodeIgniter\Debug\Exceptions->errorHandler(2, 'Invalid argumen...', '/var/www/html/a...', 32, Array)
#1 /var/www/html/vendor/codeigniter4/framework/system/View/View.php(210): include('/var/www/html/a...')
#2 /var/www/html/vendor/codeigniter4/framework/system/View/View.php(213): CodeIgniter\View\View->CodeIgniter\View\{closure}()
#3 /var/www/html/vendor/codeigniter4/framework/system/Common.php(1089): CodeIgniter\View\View->render('layout/header', Array, true)
#4 /var/www/html/app/Controllers/Home.php(14): view('layout/header')
#5 /var/www/html/vendor/codeigniter4/framework/system/CodeIgniter.php(832): App\Controllers\Home->index()
#6 /var/www/html/vendor/codeigniter4/framework/system/CodeIgniter.php(419): CodeIgniter\CodeIgniter->runController(Object(App\Controllers\Home))
#7 /var/www/html/vendor/codeigniter4/framework/system/CodeIgniter.php(326): CodeIgniter\CodeIgniter->handleRequest(NULL, Object(Config\Cache), false)
#8 /var/www/html/public/index.php(37): CodeIgniter\CodeIgniter->run()
#9 {main}
CRITICAL - 2022-03-03 16:37:19 --> Invalid argument supplied for foreach()
#0 /var/www/html/app/Views/layout/header.php(32): CodeIgniter\Debug\Exceptions->errorHandler(2, 'Invalid argumen...', '/var/www/html/a...', 32, Array)
#1 /var/www/html/vendor/codeigniter4/framework/system/View/View.php(210): include('/var/www/html/a...')
#2 /var/www/html/vendor/codeigniter4/framework/system/View/View.php(213): CodeIgniter\View\View->CodeIgniter\View\{closure}()
#3 /var/www/html/vendor/codeigniter4/framework/system/Common.php(1089): CodeIgniter\View\View->render('layout/header', Array, true)
#4 /var/www/html/app/Controllers/Home.php(14): view('layout/header')
#5 /var/www/html/vendor/codeigniter4/framework/system/CodeIgniter.php(832): App\Controllers\Home->index()
#6 /var/www/html/vendor/codeigniter4/framework/system/CodeIgniter.php(419): CodeIgniter\CodeIgniter->runController(Object(App\Controllers\Home))
#7 /var/www/html/vendor/codeigniter4/framework/system/CodeIgniter.php(326): CodeIgniter\CodeIgniter->handleRequest(NULL, Object(Config\Cache), false)
#8 /var/www/html/public/index.php(37): CodeIgniter\CodeIgniter->run()
#9 {main}
CRITICAL - 2022-03-03 16:37:52 --> Invalid argument supplied for foreach()
#0 /var/www/html/app/Views/layout/header.php(32): CodeIgniter\Debug\Exceptions->errorHandler(2, 'Invalid argumen...', '/var/www/html/a...', 32, Array)
#1 /var/www/html/vendor/codeigniter4/framework/system/View/View.php(210): include('/var/www/html/a...')
#2 /var/www/html/vendor/codeigniter4/framework/system/View/View.php(213): CodeIgniter\View\View->CodeIgniter\View\{closure}()
#3 /var/www/html/vendor/codeigniter4/framework/system/Common.php(1089): CodeIgniter\View\View->render('layout/header', Array, true)
#4 /var/www/html/app/Controllers/Home.php(14): view('layout/header')
#5 /var/www/html/vendor/codeigniter4/framework/system/CodeIgniter.php(832): App\Controllers\Home->index()
#6 /var/www/html/vendor/codeigniter4/framework/system/CodeIgniter.php(419): CodeIgniter\CodeIgniter->runController(Object(App\Controllers\Home))
#7 /var/www/html/vendor/codeigniter4/framework/system/CodeIgniter.php(326): CodeIgniter\CodeIgniter->handleRequest(NULL, Object(Config\Cache), false)
#8 /var/www/html/public/index.php(37): CodeIgniter\CodeIgniter->run()
#9 {main}
CRITICAL - 2022-03-03 16:43:26 --> Argument 3 passed to view() must be of the type array, string given, called in /var/www/html/app/Controllers/SupplierController.php on line 24
#0 /var/www/html/app/Controllers/SupplierController.php(24): view('layout/header', Array, 'supplier')
#1 /var/www/html/app/Controllers/SupplierController.php(19): App\Controllers\SupplierController->_output(Object(stdClass), 'supplier')
#2 /var/www/html/vendor/codeigniter4/framework/system/CodeIgniter.php(832): App\Controllers\SupplierController->supplier_management()
#3 /var/www/html/vendor/codeigniter4/framework/system/CodeIgniter.php(419): CodeIgniter\CodeIgniter->runController(Object(App\Controllers\SupplierController))
#4 /var/www/html/vendor/codeigniter4/framework/system/CodeIgniter.php(326): CodeIgniter\CodeIgniter->handleRequest(NULL, Object(Config\Cache), false)
#5 /var/www/html/public/index.php(37): CodeIgniter\CodeIgniter->run()
#6 {main}
CRITICAL - 2022-03-03 16:44:42 --> Invalid argument supplied for foreach()
#0 /var/www/html/app/Views/layout/header.php(32): CodeIgniter\Debug\Exceptions->errorHandler(2, 'Invalid argumen...', '/var/www/html/a...', 32, Array)
#1 /var/www/html/vendor/codeigniter4/framework/system/View/View.php(210): include('/var/www/html/a...')
#2 /var/www/html/vendor/codeigniter4/framework/system/View/View.php(213): CodeIgniter\View\View->CodeIgniter\View\{closure}()
#3 /var/www/html/vendor/codeigniter4/framework/system/Common.php(1089): CodeIgniter\View\View->render('layout/header', Array, true)
#4 /var/www/html/app/Controllers/SupplierController.php(24): view('layout/header', Array)
#5 /var/www/html/app/Controllers/SupplierController.php(19): App\Controllers\SupplierController->_output(Object(stdClass), 'supplier')
#6 /var/www/html/vendor/codeigniter4/framework/system/CodeIgniter.php(832): App\Controllers\SupplierController->supplier_management()
#7 /var/www/html/vendor/codeigniter4/framework/system/CodeIgniter.php(419): CodeIgniter\CodeIgniter->runController(Object(App\Controllers\SupplierController))
#8 /var/www/html/vendor/codeigniter4/framework/system/CodeIgniter.php(326): CodeIgniter\CodeIgniter->handleRequest(NULL, Object(Config\Cache), false)
#9 /var/www/html/public/index.php(37): CodeIgniter\CodeIgniter->run()
#10 {main}
CRITICAL - 2022-03-03 16:48:27 --> Cannot use object of type stdClass as array
#0 /var/www/html/vendor/codeigniter4/framework/system/CodeIgniter.php(832): App\Controllers\SupplierController->supplier_management()
#1 /var/www/html/vendor/codeigniter4/framework/system/CodeIgniter.php(419): CodeIgniter\CodeIgniter->runController(Object(App\Controllers\SupplierController))
#2 /var/www/html/vendor/codeigniter4/framework/system/CodeIgniter.php(326): CodeIgniter\CodeIgniter->handleRequest(NULL, Object(Config\Cache), false)
#3 /var/www/html/public/index.php(37): CodeIgniter\CodeIgniter->run()
#4 {main}
CRITICAL - 2022-03-03 16:56:20 --> Invalid argument supplied for foreach()
#0 /var/www/html/app/Views/layout/header.php(32): CodeIgniter\Debug\Exceptions->errorHandler(2, 'Invalid argumen...', '/var/www/html/a...', 32, Array)
#1 /var/www/html/vendor/codeigniter4/framework/system/View/View.php(210): include('/var/www/html/a...')
#2 /var/www/html/vendor/codeigniter4/framework/system/View/View.php(213): CodeIgniter\View\View->CodeIgniter\View\{closure}()
#3 /var/www/html/vendor/codeigniter4/framework/system/Common.php(1089): CodeIgniter\View\View->render('layout/header', Array, true)
#4 /var/www/html/app/Controllers/Home.php(11): view('layout/header')
#5 /var/www/html/vendor/codeigniter4/framework/system/CodeIgniter.php(832): App\Controllers\Home->index()
#6 /var/www/html/vendor/codeigniter4/framework/system/CodeIgniter.php(419): CodeIgniter\CodeIgniter->runController(Object(App\Controllers\Home))
#7 /var/www/html/vendor/codeigniter4/framework/system/CodeIgniter.php(326): CodeIgniter\CodeIgniter->handleRequest(NULL, Object(Config\Cache), false)
#8 /var/www/html/public/index.php(37): CodeIgniter\CodeIgniter->run()
#9 {main}
CRITICAL - 2022-03-03 16:59:29 --> Invalid argument supplied for foreach()
#0 /var/www/html/app/Views/layout/header.php(32): CodeIgniter\Debug\Exceptions->errorHandler(2, 'Invalid argumen...', '/var/www/html/a...', 32, Array)
#1 /var/www/html/vendor/codeigniter4/framework/system/View/View.php(210): include('/var/www/html/a...')
#2 /var/www/html/vendor/codeigniter4/framework/system/View/View.php(213): CodeIgniter\View\View->CodeIgniter\View\{closure}()
#3 /var/www/html/vendor/codeigniter4/framework/system/Common.php(1089): CodeIgniter\View\View->render('layout/header', Array, true)
#4 /var/www/html/app/Controllers/Home.php(11): view('layout/header')
#5 /var/www/html/vendor/codeigniter4/framework/system/CodeIgniter.php(832): App\Controllers\Home->index()
#6 /var/www/html/vendor/codeigniter4/framework/system/CodeIgniter.php(419): CodeIgniter\CodeIgniter->runController(Object(App\Controllers\Home))
#7 /var/www/html/vendor/codeigniter4/framework/system/CodeIgniter.php(326): CodeIgniter\CodeIgniter->handleRequest(NULL, Object(Config\Cache), false)
#8 /var/www/html/public/index.php(37): CodeIgniter\CodeIgniter->run()
#9 {main}
CRITICAL - 2022-03-03 17:01:04 --> Invalid argument supplied for foreach()
#0 /var/www/html/app/Views/layout/header.php(32): CodeIgniter\Debug\Exceptions->errorHandler(2, 'Invalid argumen...', '/var/www/html/a...', 32, Array)
#1 /var/www/html/vendor/codeigniter4/framework/system/View/View.php(210): include('/var/www/html/a...')
#2 /var/www/html/vendor/codeigniter4/framework/system/View/View.php(213): CodeIgniter\View\View->CodeIgniter\View\{closure}()
#3 /var/www/html/vendor/codeigniter4/framework/system/Common.php(1089): CodeIgniter\View\View->render('layout/header', Array, true)
#4 /var/www/html/app/Controllers/Home.php(11): view('layout/header')
#5 /var/www/html/vendor/codeigniter4/framework/system/CodeIgniter.php(832): App\Controllers\Home->index()
#6 /var/www/html/vendor/codeigniter4/framework/system/CodeIgniter.php(419): CodeIgniter\CodeIgniter->runController(Object(App\Controllers\Home))
#7 /var/www/html/vendor/codeigniter4/framework/system/CodeIgniter.php(326): CodeIgniter\CodeIgniter->handleRequest(NULL, Object(Config\Cache), false)
#8 /var/www/html/public/index.php(37): CodeIgniter\CodeIgniter->run()
#9 {main}
